0 info it worked if it ends with ok
1 verbose cli [ '/usr/local/bin/node', '/usr/local/bin/npm', 'i', '-g', 'lessc' ]
2 info using npm@2.15.9
3 info using node@v4.5.0
4 verbose install initial load of /usr/local/lib/package.json
5 verbose readDependencies loading dependencies from /usr/local/lib/package.json
6 silly cache add args [ 'lessc', null ]
7 verbose cache add spec lessc
8 silly cache add parsed spec Result {
8 silly cache add   raw: 'lessc',
8 silly cache add   scope: null,
8 silly cache add   name: 'lessc',
8 silly cache add   rawSpec: '',
8 silly cache add   spec: 'latest',
8 silly cache add   type: 'tag' }
9 silly addNamed lessc@latest
10 verbose addNamed "latest" is being treated as a dist-tag for lessc
11 info addNameTag [ 'lessc', 'latest' ]
12 silly mapToRegistry name lessc
13 silly mapToRegistry using default registry
14 silly mapToRegistry registry https://registry.npmjs.org/
15 silly mapToRegistry data Result {
15 silly mapToRegistry   raw: 'lessc',
15 silly mapToRegistry   scope: null,
15 silly mapToRegistry   name: 'lessc',
15 silly mapToRegistry   rawSpec: '',
15 silly mapToRegistry   spec: 'latest',
15 silly mapToRegistry   type: 'tag' }
16 silly mapToRegistry uri https://registry.npmjs.org/lessc
17 verbose addNameTag registry:https://registry.npmjs.org/lessc not in flight; fetching
18 verbose request uri https://registry.npmjs.org/lessc
19 verbose request no auth needed
20 info attempt registry request try #1 at 14:51:26
21 verbose request id 3bf2fec78d23ce81
22 http request GET https://registry.npmjs.org/lessc
23 http 404 https://registry.npmjs.org/lessc
24 verbose headers { 'content-type': 'application/json',
24 verbose headers   'cache-control': 'max-age=0',
24 verbose headers   'content-length': '2',
24 verbose headers   'accept-ranges': 'bytes',
24 verbose headers   date: 'Tue, 04 Oct 2016 11:51:26 GMT',
24 verbose headers   via: '1.1 varnish',
24 verbose headers   age: '0',
24 verbose headers   connection: 'keep-alive',
24 verbose headers   'x-served-by': 'cache-bma7031-BMA',
24 verbose headers   'x-cache': 'MISS',
24 verbose headers   'x-cache-hits': '0',
24 verbose headers   'x-timer': 'S1475581886.544490,VS0,VE133',
24 verbose headers   vary: 'Accept-Encoding' }
25 silly get cb [ 404,
25 silly get   { 'content-type': 'application/json',
25 silly get     'cache-control': 'max-age=0',
25 silly get     'content-length': '2',
25 silly get     'accept-ranges': 'bytes',
25 silly get     date: 'Tue, 04 Oct 2016 11:51:26 GMT',
25 silly get     via: '1.1 varnish',
25 silly get     age: '0',
25 silly get     connection: 'keep-alive',
25 silly get     'x-served-by': 'cache-bma7031-BMA',
25 silly get     'x-cache': 'MISS',
25 silly get     'x-cache-hits': '0',
25 silly get     'x-timer': 'S1475581886.544490,VS0,VE133',
25 silly get     vary: 'Accept-Encoding' } ]
26 verbose stack Error: Registry returned 404 for GET on https://registry.npmjs.org/lessc
26 verbose stack     at makeError (/usr/local/lib/node_modules/npm/node_modules/npm-registry-client/lib/request.js:264:12)
26 verbose stack     at CachingRegistryClient.<anonymous> (/usr/local/lib/node_modules/npm/node_modules/npm-registry-client/lib/request.js:242:14)
26 verbose stack     at Request._callback (/usr/local/lib/node_modules/npm/node_modules/npm-registry-client/lib/request.js:172:14)
26 verbose stack     at Request.self.callback (/usr/local/lib/node_modules/npm/node_modules/request/request.js:200:22)
26 verbose stack     at emitTwo (events.js:87:13)
26 verbose stack     at Request.emit (events.js:172:7)
26 verbose stack     at Request.<anonymous> (/usr/local/lib/node_modules/npm/node_modules/request/request.js:1067:10)
26 verbose stack     at emitOne (events.js:82:20)
26 verbose stack     at Request.emit (events.js:169:7)
26 verbose stack     at IncomingMessage.<anonymous> (/usr/local/lib/node_modules/npm/node_modules/request/request.js:988:12)
27 verbose statusCode 404
28 verbose pkgid lessc
29 verbose cwd /Users/gateway/Documents/work/Polka
30 error Darwin 15.0.0
31 error argv "/usr/local/bin/node" "/usr/local/bin/npm" "i" "-g" "lessc"
32 error node v4.5.0
33 error npm  v2.15.9
34 error code E404
35 error 404 Registry returned 404 for GET on https://registry.npmjs.org/lessc
35 error 404
35 error 404 'lessc' is not in the npm registry.
35 error 404 You should bug the author to publish it (or use the name yourself!)
35 error 404
35 error 404 Note that you can also install from a
35 error 404 tarball, folder, http url, or git url.
36 verbose exit [ 1, true ]
